<?xml version="1.0" encoding="UTF-8"?>
<testsuite xmlns:xsi="http://www.w3.org/2001/XMLSchema-instance" xsi:noNamespaceSchemaLocation="https://maven.apache.org/surefire/maven-surefire-plugin/xsd/surefire-test-report-3.0.xsd" version="3.0" name="com.springjwt.Bookshelf.RegistrationControllerTest" time="0.311" tests="5" errors="0" skipped="0" failures="0">
  <properties>
[...]
</properties>
  <testcase name="testGetAllUsers" classname="com.springjwt.Bookshelf.RegistrationControllerTest" time="0.228">
    <system-out><![CDATA[2024-08-15T01:03:34.448-05:00  INFO 17043 --- [Bookshelf] [           main] o.s.mock.web.MockServletContext          : Initializing Spring TestDispatcherServlet ''
2024-08-15T01:03:34.449-05:00  INFO 17043 --- [Bookshelf] [           main] o.s.t.web.servlet.TestDispatcherServlet  : Initializing Servlet ''
2024-08-15T01:03:34.450-05:00  INFO 17043 --- [Bookshelf] [           main] o.s.t.web.servlet.TestDispatcherServlet  : Completed initialization in 0 ms
]]></system-out>
  </testcase>
  <testcase name="testUpdateUser" classname="com.springjwt.Bookshelf.RegistrationControllerTest" time="0.048">
    <system-out><![CDATA[2024-08-15T01:03:34.567-05:00  INFO 17043 --- [Bookshelf] [           main] o.s.mock.web.MockServletContext          : Initializing Spring TestDispatcherServlet ''
2024-08-15T01:03:34.567-05:00  INFO 17043 --- [Bookshelf] [           main] o.s.t.web.servlet.TestDispatcherServlet  : Initializing Servlet ''
2024-08-15T01:03:34.567-05:00  INFO 17043 --- [Bookshelf] [           main] o.s.t.web.servlet.TestDispatcherServlet  : Completed initialization in 0 ms
]]></system-out>
  </testcase>
  <testcase name="testCreateUser" classname="com.springjwt.Bookshelf.RegistrationControllerTest" time="0.012">
    <system-out><![CDATA[2024-08-15T01:03:34.607-05:00  INFO 17043 --- [Bookshelf] [           main] o.s.mock.web.MockServletContext          : Initializing Spring TestDispatcherServlet ''
2024-08-15T01:03:34.607-05:00  INFO 17043 --- [Bookshelf] [           main] o.s.t.web.servlet.TestDispatcherServlet  : Initializing Servlet ''
2024-08-15T01:03:34.607-05:00  INFO 17043 --- [Bookshelf] [           main] o.s.t.web.servlet.TestDispatcherServlet  : Completed initialization in 0 ms
]]></system-out>
  </testcase>
  <testcase name="testDeleteUser" classname="com.springjwt.Bookshelf.RegistrationControllerTest" time="0.007">
    <system-out><![CDATA[2024-08-15T01:03:34.617-05:00  INFO 17043 --- [Bookshelf] [           main] o.s.mock.web.MockServletContext          : Initializing Spring TestDispatcherServlet ''
2024-08-15T01:03:34.617-05:00  INFO 17043 --- [Bookshelf] [           main] o.s.t.web.servlet.TestDispatcherServlet  : Initializing Servlet ''
2024-08-15T01:03:34.617-05:00  INFO 17043 --- [Bookshelf] [           main] o.s.t.web.servlet.TestDispatcherServlet  : Completed initialization in 0 ms
]]></system-out>
  </testcase>
  <testcase name="testGetUserById" classname="com.springjwt.Bookshelf.RegistrationControllerTest" time="0.007">
    <system-out><![CDATA[2024-08-15T01:03:34.623-05:00  INFO 17043 --- [Bookshelf] [           main] o.s.mock.web.MockServletContext          : Initializing Spring TestDispatcherServlet ''
2024-08-15T01:03:34.623-05:00  INFO 17043 --- [Bookshelf] [           main] o.s.t.web.servlet.TestDispatcherServlet  : Initializing Servlet ''
2024-08-15T01:03:34.624-05:00  INFO 17043 --- [Bookshelf] [           main] o.s.t.web.servlet.TestDispatcherServlet  : Completed initialization in 0 ms
]]></system-out>
  </testcase>
</testsuite>